<?xml version="1.0" encoding="UTF-8"?>
<!-- Generated by org.testng.reporters.JUnitReportReporter -->
<testsuite hostname="sutheesh" failures="0" tests="3" name="Crossbrowser.CrossBrowserTesting" time="77.528" errors="0" timestamp="2024-07-23T17:10:40 IST" skipped="0">
  <testcase classname="Crossbrowser.CrossBrowserTesting" name="BrowserLaunching" time="33.381"/>
  <system-out/>
  <testcase classname="Crossbrowser.CrossBrowserTesting" name="BrowserLaunching" time="26.346"/>
  <system-out/>
  <testcase classname="Crossbrowser.CrossBrowserTesting" name="BrowserLaunching" time="17.801"/>
  <system-out/>
</testsuite> <!-- Crossbrowser.CrossBrowserTesting -->
