<?xml version="1.0" encoding="UTF-8"?>
<!-- Generated by org.testng.reporters.JUnitReportReporter -->
<testsuite hostname="sutheesh" failures="0" tests="1" name="cars.RolesRoyes" time="387.164" errors="0" timestamp="2024-07-17T17:06:16 IST" skipped="0">
  <testcase classname="cars.RolesRoyes" name="LaunchRollesRoyes" time="387.164"/>
  <system-out>
    <![CDATA[RollesRoyes succussfully Launched]]>
  </system-out>
</testsuite> <!-- cars.RolesRoyes -->
