<?xml version="1.0" encoding="UTF-8"?>
<!-- Generated by org.testng.reporters.JUnitReportReporter -->
<testsuite hostname="sutheesh" failures="0" tests="1" name="bikes.YamahaRX100" time="37.823" errors="0" timestamp="2024-07-19T16:25:47 IST" skipped="0">
  <testcase classname="bikes.YamahaRX100" name="LaunchYamahaRX100" time="37.823"/>
  <system-out>
    <![CDATA[YamahaRX100 succussfully Launched]]>
  </system-out>
</testsuite> <!-- bikes.YamahaRX100 -->
