<?xml version="1.0" encoding="UTF-8"?>
<!-- Generated by org.testng.reporters.JUnitReportReporter -->
<testsuite hostname="sutheesh" failures="0" tests="1" name="cars.Lamborgani" time="38.753" errors="0" timestamp="2024-07-17T17:06:16 IST" skipped="0">
  <testcase classname="cars.Lamborgani" name="LaunchLamborgani" time="38.753"/>
  <system-out>
    <![CDATA[Lamborgani succussfully Launched]]>
  </system-out>
</testsuite> <!-- cars.Lamborgani -->
