<?xml version="1.0" encoding="UTF-8"?>
<!-- Generated by org.testng.reporters.JUnitReportReporter -->
<testsuite hostname="sutheesh" failures="0" tests="7" name="unittesting.Accountsettings" time="83.521" errors="0" timestamp="2024-07-17T15:52:26 IST" skipped="1">
  <testcase classname="unittesting.Accountsettings" name="AddAccount" time="11.945"/>
  <system-out>
    <![CDATA[Account will be created]]>
  </system-out>
  <testcase classname="unittesting.Accountsettings" name="AddAccount" time="11.240"/>
  <system-out>
    <![CDATA[Account will be created]]>
  </system-out>
  <testcase classname="unittesting.Accountsettings" name="AddAccount" time="18.926"/>
  <system-out>
    <![CDATA[Account will be created]]>
  </system-out>
  <testcase classname="unittesting.Accountsettings" name="AddAccount" time="11.914"/>
  <system-out>
    <![CDATA[Account will be created]]>
  </system-out>
  <testcase classname="unittesting.Accountsettings" name="AddAccount" time="29.491"/>
  <system-out>
    <![CDATA[Account will be created]]>
  </system-out>
  <testcase classname="unittesting.Accountsettings" name="EditAccount" time="0.005"/>
  <system-out>
    <![CDATA[Account will be edited]]>
  </system-out>
  <testcase classname="unittesting.Accountsettings" name="DeleteAccount">
    <skipped/>
  </testcase> <!-- DeleteAccount -->
  <system-out/>
</testsuite> <!-- unittesting.Accountsettings -->
