<?xml version="1.0" encoding="UTF-8"?>
<!-- Generated by org.testng.reporters.JUnitReportReporter -->
<testsuite hostname="sutheesh" failures="0" tests="1" name="UnitTestAssignment.TestScript2" time="8.737" errors="0" timestamp="2024-07-21T11:23:14 IST" skipped="0">
  <testcase classname="UnitTestAssignment.TestScript2" name="SortbyBox" time="8.737"/>
  <system-out>
    <![CDATA[Assignment Successflly Tested]]>
  </system-out>
</testsuite> <!-- UnitTestAssignment.TestScript2 -->
