<?xml version="1.0" encoding="UTF-8"?>
<!-- Generated by org.testng.reporters.JUnitReportReporter -->
<testsuite hostname="sutheesh" failures="0" tests="1" name="assignmentssss.AssertionAssignment" time="19.473" errors="0" timestamp="2024-07-23T11:53:29 IST" skipped="0">
  <testcase classname="assignmentssss.AssertionAssignment" name="Loginpage" time="19.473"/>
  <system-out>
    <![CDATA[Login Page is Displyed]]>
  </system-out>
</testsuite> <!-- assignmentssss.AssertionAssignment -->
