<?xml version="1.0" encoding="UTF-8"?>
<!-- Generated by org.testng.reporters.JUnitReportReporter -->
<testsuite hostname="sutheesh" failures="0" tests="1" name="bikes.BMW" time="35.576" errors="0" timestamp="2024-07-19T16:25:47 IST" skipped="0">
  <testcase classname="bikes.BMW" name="LaunchBMW" time="35.576"/>
  <system-out>
    <![CDATA[BMW succussfully Launched]]>
  </system-out>
</testsuite> <!-- bikes.BMW -->
