<?xml version="1.0" encoding="UTF-8"?>
<!-- Generated by org.testng.reporters.JUnitReportReporter -->
<testsuite hostname="sutheesh" failures="0" tests="1" name="unittesting.TestScript1" time="6.032" errors="0" timestamp="2024-07-20T18:57:14 IST" skipped="0">
  <testcase classname="unittesting.TestScript1" name="Testing" time="6.032"/>
  <system-out>
    <![CDATA[Book Link Successfully cliked]]>
  </system-out>
</testsuite> <!-- unittesting.TestScript1 -->
