<?xml version="1.0" encoding="UTF-8"?>
<!-- Generated by org.testng.reporters.JUnitReportReporter -->
<testsuite hostname="sutheesh" failures="0" tests="1" name="unittesting.ConfigrationAnnataion" time="0.037" errors="0" timestamp="2024-07-20T16:12:07 IST" skipped="0">
  <testcase classname="unittesting.ConfigrationAnnataion" name="sample" time="0.037"/>
  <system-out>
    <![CDATA[Test SAMPLE]]>
  </system-out>
</testsuite> <!-- unittesting.ConfigrationAnnataion -->
