<?xml version="1.0" encoding="UTF-8"?>
<!-- Generated by org.testng.reporters.JUnitReportReporter -->
<testsuite hostname="sutheesh" failures="0" tests="3" name="unittesting.Sample" time="20.457" errors="0" timestamp="2024-07-16T16:43:50 IST" skipped="0">
  <testcase classname="unittesting.Sample" name="demo" time="20.402"/>
  <system-out>
    <![CDATA[hii friends]]>
  </system-out>
  <testcase classname="unittesting.Sample" name="temmy" time="0.013"/>
  <system-out>
    <![CDATA[welcom in my laptop]]>
  </system-out>
  <testcase classname="unittesting.Sample" name="ammy" time="0.042"/>
  <system-out>
    <![CDATA[reporters]]>
  </system-out>
</testsuite> <!-- unittesting.Sample -->
