<?xml version="1.0" encoding="UTF-8"?>
<!-- Generated by org.testng.reporters.JUnitReportReporter -->
<testsuite hostname="sutheesh" failures="0" tests="1" name="cars.Mahindrah" time="37.767" errors="0" timestamp="2024-07-17T17:06:16 IST" skipped="0">
  <testcase classname="cars.Mahindrah" name="LaunchMahindrah" time="37.767"/>
  <system-out>
    <![CDATA[Mahindrah succussfully Launched]]>
  </system-out>
</testsuite> <!-- cars.Mahindrah -->
