<?xml version="1.0" encoding="UTF-8"?>
<!-- Generated by org.testng.reporters.JUnitReportReporter -->
<testsuite hostname="sutheesh" failures="0" tests="1" name="bikes.RS600" time="35.331" errors="0" timestamp="2024-07-19T16:25:47 IST" skipped="0">
  <testcase classname="bikes.RS600" name="LaunchRS600" time="35.331"/>
  <system-out>
    <![CDATA[RS600 succussfully Launched]]>
  </system-out>
</testsuite> <!-- bikes.RS600 -->
