<?xml version="1.0" encoding="UTF-8"?>
<!-- Generated by org.testng.reporters.JUnitReportReporter -->
<testsuite hostname="sutheesh" failures="0" tests="3" name="dataProvider.ToLearndataProvider" time="47.835" errors="0" timestamp="2024-07-23T15:20:05 IST" skipped="0">
  <testcase classname="dataProvider.ToLearndataProvider" name="login" time="24.774"/>
  <system-out/>
  <testcase classname="dataProvider.ToLearndataProvider" name="login" time="11.420"/>
  <system-out/>
  <testcase classname="dataProvider.ToLearndataProvider" name="login" time="11.641"/>
  <system-out/>
</testsuite> <!-- dataProvider.ToLearndataProvider -->
