<?xml version="1.0" encoding="UTF-8"?>
<!-- Generated by org.testng.reporters.JUnitReportReporter -->
<testsuite hostname="sutheesh" failures="0" tests="1" name="Assertions.TOSoftAssert" time="22.801" errors="0" timestamp="2024-07-23T16:23:10 IST" skipped="0">
  <testcase classname="Assertions.TOSoftAssert" name="DemoLogin" time="22.801"/>
  <system-out>
    <![CDATA[LoginPAge is Displayed
Home page is Display]]>
  </system-out>
</testsuite> <!-- Assertions.TOSoftAssert -->
