<?xml version="1.0" encoding="UTF-8"?>
<!-- Generated by org.testng.reporters.JUnitReportReporter -->
<testsuite hostname="sutheesh" failures="0" tests="1" name="bikes.Himalayan" time="26.054" errors="0" timestamp="2024-07-19T16:25:47 IST" skipped="0">
  <testcase classname="bikes.Himalayan" name="LaunchHimalayan" time="26.054"/>
  <system-out>
    <![CDATA[Himalayan succussfully Launched]]>
  </system-out>
</testsuite> <!-- bikes.Himalayan -->
