<?xml version="1.0" encoding="UTF-8"?>
<!-- Generated by org.testng.reporters.JUnitReportReporter -->
<testsuite hostname="sutheesh" failures="0" tests="1" name="UnitTestAssignment.TestScript" time="6.846" errors="0" timestamp="2024-07-22T16:12:58 IST" skipped="0">
  <testcase classname="UnitTestAssignment.TestScript" name="book" time="6.846"/>
  <system-out/>
</testsuite> <!-- UnitTestAssignment.TestScript -->
